[1221/102336.725:ERROR:registration_protocol_win.cc(107)] CreateFile: The system cannot find the file specified. (0x2)
[1221/102336.980:ERROR:registration_protocol_win.cc(107)] CreateFile: The system cannot find the file specified. (0x2)
[1221/102337.262:ERROR:registration_protocol_win.cc(107)] CreateFile: The system cannot find the file specified. (0x2)
[1221/102337.597:ERROR:registration_protocol_win.cc(107)] CreateFile: The system cannot find the file specified. (0x2)
[1221/102337.800:ERROR:registration_protocol_win.cc(107)] CreateFile: The system cannot find the file specified. (0x2)
[1221/102338.069:ERROR:registration_protocol_win.cc(107)] CreateFile: The system cannot find the file specified. (0x2)
[1221/102338.344:ERROR:registration_protocol_win.cc(107)] CreateFile: The system cannot find the file specified. (0x2)
[1221/102338.563:ERROR:registration_protocol_win.cc(107)] CreateFile: The system cannot find the file specified. (0x2)
[1221/102338.814:ERROR:registration_protocol_win.cc(107)] CreateFile: The system cannot find the file specified. (0x2)
[1221/102339.153:ERROR:registration_protocol_win.cc(107)] CreateFile: The system cannot find the file specified. (0x2)
[1221/102339.184:ERROR:crashpad_client_win.cc(844)] not connected
[1221/102339.499:ERROR:registration_protocol_win.cc(107)] CreateFile: The system cannot find the file specified. (0x2)
[1221/102339.659:ERROR:registration_protocol_win.cc(107)] CreateFile: The system cannot find the file specified. (0x2)
[1221/102339.845:ERROR:registration_protocol_win.cc(107)] CreateFile: The system cannot find the file specified. (0x2)
[1221/102340.041:ERROR:registration_protocol_win.cc(107)] CreateFile: The system cannot find the file specified. (0x2)
[1221/102340.634:ERROR:registration_protocol_win.cc(107)] CreateFile: The system cannot find the file specified. (0x2)
[1221/102340.810:ERROR:registration_protocol_win.cc(107)] CreateFile: The system cannot find the file specified. (0x2)
[1221/102341.073:ERROR:registration_protocol_win.cc(107)] CreateFile: The system cannot find the file specified. (0x2)
[1221/102341.163:ERROR:crashpad_client_win.cc(844)] not connected
[1221/102341.375:ERROR:registration_protocol_win.cc(107)] CreateFile: The system cannot find the file specified. (0x2)
[1221/102341.554:ERROR:registration_protocol_win.cc(107)] CreateFile: The system cannot find the file specified. (0x2)
[1221/102341.763:ERROR:crashpad_client_win.cc(844)] not connected
[1221/102341.876:ERROR:registration_protocol_win.cc(107)] CreateFile: The system cannot find the file specified. (0x2)
[1221/102341.973:ERROR:crashpad_client_win.cc(844)] not connected
[1221/102342.172:ERROR:registration_protocol_win.cc(107)] CreateFile: The system cannot find the file specified. (0x2)
[1221/102342.311:ERROR:registration_protocol_win.cc(107)] CreateFile: The system cannot find the file specified. (0x2)
[1221/102342.666:ERROR:registration_protocol_win.cc(107)] CreateFile: The system cannot find the file specified. (0x2)
[1221/102342.850:ERROR:crashpad_client_win.cc(844)] not connected
[1221/102342.980:ERROR:registration_protocol_win.cc(107)] CreateFile: The system cannot find the file specified. (0x2)
[1221/102343.148:ERROR:registration_protocol_win.cc(107)] CreateFile: The system cannot find the file specified. (0x2)
[1221/102343.344:ERROR:registration_protocol_win.cc(107)] CreateFile: The system cannot find the file specified. (0x2)
[1221/102343.544:ERROR:registration_protocol_win.cc(107)] CreateFile: The system cannot find the file specified. (0x2)
[1221/102343.703:ERROR:registration_protocol_win.cc(107)] CreateFile: The system cannot find the file specified. (0x2)
[1221/102343.876:ERROR:registration_protocol_win.cc(107)] CreateFile: The system cannot find the file specified. (0x2)
[1221/102344.052:ERROR:registration_protocol_win.cc(107)] CreateFile: The system cannot find the file specified. (0x2)
[1221/102344.211:ERROR:registration_protocol_win.cc(107)] CreateFile: The system cannot find the file specified. (0x2)
[1221/102344.335:ERROR:crashpad_client_win.cc(844)] not connected
[1221/102344.338:ERROR:crashpad_client_win.cc(844)] not connected
[1221/102344.400:ERROR:registration_protocol_win.cc(107)] CreateFile: The system cannot find the file specified. (0x2)
[1221/102344.575:ERROR:registration_protocol_win.cc(107)] CreateFile: The system cannot find the file specified. (0x2)
[1221/102344.780:ERROR:registration_protocol_win.cc(107)] CreateFile: The system cannot find the file specified. (0x2)
[1221/102345.079:ERROR:crashpad_client_win.cc(844)] not connected
[1221/102345.327:ERROR:crashpad_client_win.cc(844)] not connected
[1221/102345.328:ERROR:crashpad_client_win.cc(844)] not connected
[1221/102345.498:ERROR:registration_protocol_win.cc(107)] CreateFile: The system cannot find the file specified. (0x2)
[1221/102345.654:ERROR:registration_protocol_win.cc(107)] CreateFile: The system cannot find the file specified. (0x2)
[1221/102345.820:ERROR:registration_protocol_win.cc(107)] CreateFile: The system cannot find the file specified. (0x2)
[1221/102346.206:ERROR:crashpad_client_win.cc(844)] not connected
[1221/102346.213:ERROR:crashpad_client_win.cc(844)] not connected
[1221/102346.223:ERROR:registration_protocol_win.cc(107)] CreateFile: The system cannot find the file specified. (0x2)
[1221/102346.369:ERROR:registration_protocol_win.cc(107)] CreateFile: The system cannot find the file specified. (0x2)
[1221/102346.509:ERROR:registration_protocol_win.cc(107)] CreateFile: The system cannot find the file specified. (0x2)
[1221/102346.683:ERROR:registration_protocol_win.cc(107)] CreateFile: The system cannot find the file specified. (0x2)
[1221/102346.869:ERROR:crashpad_client_win.cc(844)] not connected
[1221/102346.982:ERROR:registration_protocol_win.cc(107)] CreateFile: The system cannot find the file specified. (0x2)
[1221/102347.149:ERROR:crashpad_client_win.cc(844)] not connected
[1221/102347.149:ERROR:registration_protocol_win.cc(107)] CreateFile: The system cannot find the file specified. (0x2)
[1221/102347.313:ERROR:registration_protocol_win.cc(107)] CreateFile: The system cannot find the file specified. (0x2)
[1221/102347.489:ERROR:registration_protocol_win.cc(107)] CreateFile: The system cannot find the file specified. (0x2)
[1221/102347.926:ERROR:registration_protocol_win.cc(107)] CreateFile: The system cannot find the file specified. (0x2)
[1221/102348.100:ERROR:registration_protocol_win.cc(107)] CreateFile: The system cannot find the file specified. (0x2)
[1221/102348.416:ERROR:crashpad_client_win.cc(844)] not connected
[1221/102348.612:ERROR:registration_protocol_win.cc(107)] CreateFile: The system cannot find the file specified. (0x2)
[1221/102349.214:ERROR:registration_protocol_win.cc(107)] CreateFile: The system cannot find the file specified. (0x2)
[1221/102349.380:ERROR:crashpad_client_win.cc(844)] not connected
[1221/102349.551:ERROR:registration_protocol_win.cc(107)] CreateFile: The system cannot find the file specified. (0x2)
[1221/102349.721:ERROR:registration_protocol_win.cc(107)] CreateFile: The system cannot find the file specified. (0x2)
[1221/102349.942:ERROR:registration_protocol_win.cc(107)] CreateFile: The system cannot find the file specified. (0x2)
[1221/102350.280:ERROR:registration_protocol_win.cc(107)] CreateFile: The system cannot find the file specified. (0x2)
[1221/102350.495:ERROR:registration_protocol_win.cc(107)] CreateFile: The system cannot find the file specified. (0x2)
[1221/102350.744:ERROR:registration_protocol_win.cc(107)] CreateFile: The system cannot find the file specified. (0x2)
[1221/102351.047:ERROR:registration_protocol_win.cc(107)] CreateFile: The system cannot find the file specified. (0x2)
[1221/102351.338:ERROR:crashpad_client_win.cc(844)] not connected
[1221/102351.583:ERROR:registration_protocol_win.cc(107)] CreateFile: The system cannot find the file specified. (0x2)
[1221/102351.779:ERROR:registration_protocol_win.cc(107)] CreateFile: The system cannot find the file specified. (0x2)
[1221/102351.940:ERROR:registration_protocol_win.cc(107)] CreateFile: The system cannot find the file specified. (0x2)
[1221/102352.131:ERROR:registration_protocol_win.cc(107)] CreateFile: The system cannot find the file specified. (0x2)
[1221/102352.295:ERROR:registration_protocol_win.cc(107)] CreateFile: The system cannot find the file specified. (0x2)
[1221/102352.529:ERROR:registration_protocol_win.cc(107)] CreateFile: The system cannot find the file specified. (0x2)
[1221/102352.742:ERROR:crashpad_client_win.cc(844)] not connected
[1221/102352.744:ERROR:crashpad_client_win.cc(844)] not connected
[1221/102352.745:ERROR:crashpad_client_win.cc(844)] not connected
[1221/102352.910:ERROR:registration_protocol_win.cc(107)] CreateFile: The system cannot find the file specified. (0x2)
[1221/102353.035:ERROR:registration_protocol_win.cc(107)] CreateFile: The system cannot find the file specified. (0x2)
[1221/102353.197:ERROR:registration_protocol_win.cc(107)] CreateFile: The system cannot find the file specified. (0x2)
[1221/102353.407:ERROR:registration_protocol_win.cc(107)] CreateFile: The system cannot find the file specified. (0x2)
[1221/102353.624:ERROR:registration_protocol_win.cc(107)] CreateFile: The system cannot find the file specified. (0x2)
[1221/102353.749:ERROR:crashpad_client_win.cc(844)] not connected
[1221/102353.750:ERROR:crashpad_client_win.cc(844)] not connected
[1221/102353.750:ERROR:crashpad_client_win.cc(844)] not connected
[1221/102354.012:ERROR:registration_protocol_win.cc(107)] CreateFile: The system cannot find the file specified. (0x2)
[1221/102354.283:ERROR:registration_protocol_win.cc(107)] CreateFile: The system cannot find the file specified. (0x2)
[1221/102354.483:ERROR:registration_protocol_win.cc(107)] CreateFile: The system cannot find the file specified. (0x2)
[1221/102354.871:ERROR:registration_protocol_win.cc(107)] CreateFile: The system cannot find the file specified. (0x2)
[1221/102355.114:ERROR:registration_protocol_win.cc(107)] CreateFile: The system cannot find the file specified. (0x2)
[1221/102355.333:ERROR:registration_protocol_win.cc(107)] CreateFile: The system cannot find the file specified. (0x2)
[1221/102355.713:ERROR:registration_protocol_win.cc(107)] CreateFile: The system cannot find the file specified. (0x2)
[1221/102355.970:ERROR:crashpad_client_win.cc(844)] not connected
[1221/102356.004:ERROR:crashpad_client_win.cc(844)] not connected
[1221/102356.027:ERROR:crashpad_client_win.cc(844)] not connected
[1221/102356.032:ERROR:crashpad_client_win.cc(844)] not connected
[1221/102356.292:ERROR:registration_protocol_win.cc(107)] CreateFile: The system cannot find the file specified. (0x2)
[1221/102356.442:ERROR:registration_protocol_win.cc(107)] CreateFile: The system cannot find the file specified. (0x2)
[1221/102356.698:ERROR:registration_protocol_win.cc(107)] CreateFile: The system cannot find the file specified. (0x2)
[1221/102357.075:ERROR:registration_protocol_win.cc(107)] CreateFile: The system cannot find the file specified. (0x2)
[1221/102357.416:ERROR:registration_protocol_win.cc(107)] CreateFile: The system cannot find the file specified. (0x2)
[1221/102357.759:ERROR:registration_protocol_win.cc(107)] CreateFile: The system cannot find the file specified. (0x2)
[1221/102357.937:ERROR:registration_protocol_win.cc(107)] CreateFile: The system cannot find the file specified. (0x2)
[1221/102358.178:ERROR:registration_protocol_win.cc(107)] CreateFile: The system cannot find the file specified. (0x2)
[1221/102358.181:ERROR:crashpad_client_win.cc(844)] not connected
[1221/102358.237:ERROR:crashpad_client_win.cc(844)] not connected
[1221/102358.241:ERROR:crashpad_client_win.cc(844)] not connected
[1221/102358.429:ERROR:registration_protocol_win.cc(107)] CreateFile: The system cannot find the file specified. (0x2)
[1221/102358.712:ERROR:registration_protocol_win.cc(107)] CreateFile: The system cannot find the file specified. (0x2)
[1221/102359.004:ERROR:registration_protocol_win.cc(107)] CreateFile: The system cannot find the file specified. (0x2)
[1221/102359.178:ERROR:registration_protocol_win.cc(107)] CreateFile: The system cannot find the file specified. (0x2)
[1221/102359.654:ERROR:registration_protocol_win.cc(107)] CreateFile: The system cannot find the file specified. (0x2)
[1221/102359.991:ERROR:registration_protocol_win.cc(107)] CreateFile: The system cannot find the file specified. (0x2)
[1221/102400.512:ERROR:crashpad_client_win.cc(844)] not connected
[1221/102400.512:ERROR:registration_protocol_win.cc(107)] CreateFile: The system cannot find the file specified. (0x2)
[1221/102400.721:ERROR:registration_protocol_win.cc(107)] CreateFile: The system cannot find the file specified. (0x2)
[1221/102400.924:ERROR:registration_protocol_win.cc(107)] CreateFile: The system cannot find the file specified. (0x2)
[1221/102401.336:ERROR:crashpad_client_win.cc(844)] not connected
[1221/102401.453:ERROR:registration_protocol_win.cc(107)] CreateFile: The system cannot find the file specified. (0x2)
[1221/102401.651:ERROR:registration_protocol_win.cc(107)] CreateFile: The system cannot find the file specified. (0x2)
[1221/102401.865:ERROR:registration_protocol_win.cc(107)] CreateFile: The system cannot find the file specified. (0x2)
[1221/102401.950:ERROR:crashpad_client_win.cc(844)] not connected
[1221/102402.309:ERROR:registration_protocol_win.cc(107)] CreateFile: The system cannot find the file specified. (0x2)
[1221/102402.479:ERROR:registration_protocol_win.cc(107)] CreateFile: The system cannot find the file specified. (0x2)
[1221/102402.719:ERROR:registration_protocol_win.cc(107)] CreateFile: The system cannot find the file specified. (0x2)
[1221/102403.115:ERROR:registration_protocol_win.cc(107)] CreateFile: The system cannot find the file specified. (0x2)
[1221/102403.319:ERROR:registration_protocol_win.cc(107)] CreateFile: The system cannot find the file specified. (0x2)
[1221/102403.360:ERROR:crashpad_client_win.cc(844)] not connected
[1221/102403.484:ERROR:registration_protocol_win.cc(107)] CreateFile: The system cannot find the file specified. (0x2)
[1221/102403.680:ERROR:registration_protocol_win.cc(107)] CreateFile: The system cannot find the file specified. (0x2)
[1221/102403.847:ERROR:registration_protocol_win.cc(107)] CreateFile: The system cannot find the file specified. (0x2)
[1221/102404.061:ERROR:registration_protocol_win.cc(107)] CreateFile: The system cannot find the file specified. (0x2)
[1221/102404.265:ERROR:registration_protocol_win.cc(107)] CreateFile: The system cannot find the file specified. (0x2)
[1221/102404.711:ERROR:crashpad_client_win.cc(844)] not connected
[1221/102404.712:ERROR:icu_util.cc(246)] Couldn't mmap icu data file
[1221/102404.890:ERROR:registration_protocol_win.cc(107)] CreateFile: The system cannot find the file specified. (0x2)
[1221/102404.900:ERROR:crashpad_client_win.cc(844)] not connected
[1221/102405.049:ERROR:registration_protocol_win.cc(107)] CreateFile: The system cannot find the file specified. (0x2)
[1221/102405.508:ERROR:registration_protocol_win.cc(107)] CreateFile: The system cannot find the file specified. (0x2)
[1221/102405.670:ERROR:registration_protocol_win.cc(107)] CreateFile: The system cannot find the file specified. (0x2)
[1221/102405.796:ERROR:crashpad_client_win.cc(844)] not connected
[1221/102406.009:ERROR:registration_protocol_win.cc(107)] CreateFile: The system cannot find the file specified. (0x2)
[1221/102406.456:ERROR:registration_protocol_win.cc(107)] CreateFile: The system cannot find the file specified. (0x2)
[1221/102406.694:ERROR:registration_protocol_win.cc(107)] CreateFile: The system cannot find the file specified. (0x2)
[1221/102406.883:ERROR:registration_protocol_win.cc(107)] CreateFile: The system cannot find the file specified. (0x2)
[1221/102407.091:ERROR:crashpad_client_win.cc(844)] not connected
[1221/102407.211:ERROR:registration_protocol_win.cc(107)] CreateFile: The system cannot find the file specified. (0x2)
[1221/102407.254:ERROR:crashpad_client_win.cc(844)] not connected
[1221/102407.370:ERROR:registration_protocol_win.cc(107)] CreateFile: The system cannot find the file specified. (0x2)
[1221/102407.395:ERROR:crashpad_client_win.cc(844)] not connected
[1221/102407.502:ERROR:registration_protocol_win.cc(107)] CreateFile: The system cannot find the file specified. (0x2)
[1221/102407.746:ERROR:crashpad_client_win.cc(844)] not connected
[1221/102407.856:ERROR:registration_protocol_win.cc(107)] CreateFile: The system cannot find the file specified. (0x2)
[1221/102407.881:ERROR:crashpad_client_win.cc(844)] not connected
[1221/102408.006:ERROR:registration_protocol_win.cc(107)] CreateFile: The system cannot find the file specified. (0x2)
[1221/102408.088:ERROR:crashpad_client_win.cc(844)] not connected
[1221/102408.195:ERROR:registration_protocol_win.cc(107)] CreateFile: The system cannot find the file specified. (0x2)
[1221/102408.534:ERROR:registration_protocol_win.cc(107)] CreateFile: The system cannot find the file specified. (0x2)
[1221/102408.752:ERROR:registration_protocol_win.cc(107)] CreateFile: The system cannot find the file specified. (0x2)
[1221/102408.923:ERROR:crashpad_client_win.cc(844)] not connected
[1221/102409.147:ERROR:registration_protocol_win.cc(107)] CreateFile: The system cannot find the file specified. (0x2)
[1221/102409.425:ERROR:registration_protocol_win.cc(107)] CreateFile: The system cannot find the file specified. (0x2)
[1221/102409.645:ERROR:registration_protocol_win.cc(107)] CreateFile: The system cannot find the file specified. (0x2)
[1221/102409.772:ERROR:crashpad_client_win.cc(844)] not connected
[1221/102409.919:ERROR:crashpad_client_win.cc(844)] not connected
[1221/102409.927:ERROR:crashpad_client_win.cc(844)] not connected
[1221/102410.103:ERROR:registration_protocol_win.cc(107)] CreateFile: The system cannot find the file specified. (0x2)
[1221/102410.286:ERROR:registration_protocol_win.cc(107)] CreateFile: The system cannot find the file specified. (0x2)
[1221/102410.475:ERROR:registration_protocol_win.cc(107)] CreateFile: The system cannot find the file specified. (0x2)
[1221/102410.695:ERROR:registration_protocol_win.cc(107)] CreateFile: The system cannot find the file specified. (0x2)
[1221/102411.024:ERROR:registration_protocol_win.cc(107)] CreateFile: The system cannot find the file specified. (0x2)
[1221/102411.265:ERROR:registration_protocol_win.cc(107)] CreateFile: The system cannot find the file specified. (0x2)
[1221/102412.489:ERROR:registration_protocol_win.cc(107)] CreateFile: The system cannot find the file specified. (0x2)
[1221/102412.872:ERROR:registration_protocol_win.cc(107)] CreateFile: The system cannot find the file specified. (0x2)
[1221/102413.441:ERROR:registration_protocol_win.cc(107)] CreateFile: The system cannot find the file specified. (0x2)
[1221/102413.709:ERROR:registration_protocol_win.cc(107)] CreateFile: The system cannot find the file specified. (0x2)
[1221/102414.074:ERROR:registration_protocol_win.cc(107)] CreateFile: The system cannot find the file specified. (0x2)
[1221/102414.517:ERROR:registration_protocol_win.cc(107)] CreateFile: The system cannot find the file specified. (0x2)
[1221/102414.794:ERROR:registration_protocol_win.cc(107)] CreateFile: The system cannot find the file specified. (0x2)
[1221/102415.245:ERROR:registration_protocol_win.cc(107)] CreateFile: The system cannot find the file specified. (0x2)
[1221/102415.643:ERROR:registration_protocol_win.cc(107)] CreateFile: The system cannot find the file specified. (0x2)
[1221/102415.718:ERROR:crashpad_client_win.cc(844)] not connected
[1221/102415.909:ERROR:registration_protocol_win.cc(107)] CreateFile: The system cannot find the file specified. (0x2)
[1221/102416.123:ERROR:registration_protocol_win.cc(107)] CreateFile: The system cannot find the file specified. (0x2)
[1221/102416.391:ERROR:registration_protocol_win.cc(107)] CreateFile: The system cannot find the file specified. (0x2)
[1221/102416.576:ERROR:crashpad_client_win.cc(844)] not connected
[1221/102416.585:ERROR:crashpad_client_win.cc(844)] not connected
[1221/102416.811:ERROR:registration_protocol_win.cc(107)] CreateFile: The system cannot find the file specified. (0x2)
[1221/102417.099:ERROR:registration_protocol_win.cc(107)] CreateFile: The system cannot find the file specified. (0x2)
[1221/102417.292:ERROR:registration_protocol_win.cc(107)] CreateFile: The system cannot find the file specified. (0x2)
[1221/102417.601:ERROR:registration_protocol_win.cc(107)] CreateFile: The system cannot find the file specified. (0x2)
[1221/102417.855:ERROR:registration_protocol_win.cc(107)] CreateFile: The system cannot find the file specified. (0x2)
[1221/102418.467:ERROR:registration_protocol_win.cc(107)] CreateFile: The system cannot find the file specified. (0x2)
[1221/102418.544:ERROR:crashpad_client_win.cc(844)] not connected
[1221/102418.668:ERROR:crashpad_client_win.cc(844)] not connected
[1221/102418.889:ERROR:registration_protocol_win.cc(107)] CreateFile: The system cannot find the file specified. (0x2)
[1221/102419.129:ERROR:registration_protocol_win.cc(107)] CreateFile: The system cannot find the file specified. (0x2)
[1221/102419.454:ERROR:registration_protocol_win.cc(107)] CreateFile: The system cannot find the file specified. (0x2)
[1221/102419.689:ERROR:registration_protocol_win.cc(107)] CreateFile: The system cannot find the file specified. (0x2)
[1221/102420.030:ERROR:registration_protocol_win.cc(107)] CreateFile: The system cannot find the file specified. (0x2)
[1221/102420.255:ERROR:registration_protocol_win.cc(107)] CreateFile: The system cannot find the file specified. (0x2)
[1221/102420.312:ERROR:crashpad_client_win.cc(844)] not connected
[1221/102420.338:ERROR:crashpad_client_win.cc(844)] not connected
[1221/102420.487:ERROR:registration_protocol_win.cc(107)] CreateFile: The system cannot find the file specified. (0x2)
[1221/102420.679:ERROR:registration_protocol_win.cc(107)] CreateFile: The system cannot find the file specified. (0x2)
[1221/102421.454:ERROR:registration_protocol_win.cc(107)] CreateFile: The system cannot find the file specified. (0x2)
[1221/102421.621:ERROR:registration_protocol_win.cc(107)] CreateFile: The system cannot find the file specified. (0x2)
[1221/102422.091:ERROR:registration_protocol_win.cc(107)] CreateFile: The system cannot find the file specified. (0x2)
[1221/102422.267:ERROR:registration_protocol_win.cc(107)] CreateFile: The system cannot find the file specified. (0x2)
[1221/102422.383:ERROR:crashpad_client_win.cc(844)] not connected
[1221/102422.383:ERROR:crashpad_client_win.cc(844)] not connected
[1221/102422.623:ERROR:registration_protocol_win.cc(107)] CreateFile: The system cannot find the file specified. (0x2)
[1221/102422.853:ERROR:registration_protocol_win.cc(107)] CreateFile: The system cannot find the file specified. (0x2)
[1221/102423.110:ERROR:registration_protocol_win.cc(107)] CreateFile: The system cannot find the file specified. (0x2)
[1221/102423.133:ERROR:crashpad_client_win.cc(844)] not connected
[1221/102423.135:ERROR:crashpad_client_win.cc(844)] not connected
[1221/102423.253:ERROR:registration_protocol_win.cc(107)] CreateFile: The system cannot find the file specified. (0x2)
[1221/102423.477:ERROR:registration_protocol_win.cc(107)] CreateFile: The system cannot find the file specified. (0x2)
[1221/102423.663:ERROR:registration_protocol_win.cc(107)] CreateFile: The system cannot find the file specified. (0x2)
[1221/102423.865:ERROR:registration_protocol_win.cc(107)] CreateFile: The system cannot find the file specified. (0x2)
[1221/102423.919:ERROR:crashpad_client_win.cc(844)] not connected
[1221/102423.940:ERROR:crashpad_client_win.cc(844)] not connected
[1221/102424.066:ERROR:registration_protocol_win.cc(107)] CreateFile: The system cannot find the file specified. (0x2)
[1221/102424.118:ERROR:crashpad_client_win.cc(844)] not connected
[1221/102424.251:ERROR:registration_protocol_win.cc(107)] CreateFile: The system cannot find the file specified. (0x2)
[1221/102424.289:ERROR:crashpad_client_win.cc(844)] not connected
[1221/102424.306:ERROR:crashpad_client_win.cc(844)] not connected
[1221/102424.309:ERROR:crashpad_client_win.cc(844)] not connected
[1221/102424.442:ERROR:registration_protocol_win.cc(107)] CreateFile: The system cannot find the file specified. (0x2)
[1221/102424.627:ERROR:registration_protocol_win.cc(107)] CreateFile: The system cannot find the file specified. (0x2)
[1221/102424.822:ERROR:registration_protocol_win.cc(107)] CreateFile: The system cannot find the file specified. (0x2)
[1221/102425.247:ERROR:registration_protocol_win.cc(107)] CreateFile: The system cannot find the file specified. (0x2)
[1221/102425.501:ERROR:registration_protocol_win.cc(107)] CreateFile: The system cannot find the file specified. (0x2)
[1221/102425.528:ERROR:crashpad_client_win.cc(844)] not connected
[1221/102425.716:ERROR:registration_protocol_win.cc(107)] CreateFile: The system cannot find the file specified. (0x2)
[1221/102425.964:ERROR:registration_protocol_win.cc(107)] CreateFile: The system cannot find the file specified. (0x2)
[1221/102426.454:ERROR:registration_protocol_win.cc(107)] CreateFile: The system cannot find the file specified. (0x2)
[1221/102426.654:ERROR:registration_protocol_win.cc(107)] CreateFile: The system cannot find the file specified. (0x2)
[1221/102426.802:ERROR:crashpad_client_win.cc(844)] not connected
[1221/102426.926:ERROR:registration_protocol_win.cc(107)] CreateFile: The system cannot find the file specified. (0x2)
[1221/102427.146:ERROR:crashpad_client_win.cc(844)] not connected
[1221/102427.160:ERROR:crashpad_client_win.cc(844)] not connected
[1221/102427.371:ERROR:registration_protocol_win.cc(107)] CreateFile: The system cannot find the file specified. (0x2)
[1221/102427.609:ERROR:registration_protocol_win.cc(107)] CreateFile: The system cannot find the file specified. (0x2)
[1221/102427.881:ERROR:registration_protocol_win.cc(107)] CreateFile: The system cannot find the file specified. (0x2)
[1221/102427.896:ERROR:crashpad_client_win.cc(844)] not connected
[1221/102427.897:ERROR:crashpad_client_win.cc(844)] not connected
[1221/102428.056:ERROR:registration_protocol_win.cc(107)] CreateFile: The system cannot find the file specified. (0x2)
[1221/102428.227:ERROR:registration_protocol_win.cc(107)] CreateFile: The system cannot find the file specified. (0x2)
[1221/102428.431:ERROR:registration_protocol_win.cc(107)] CreateFile: The system cannot find the file specified. (0x2)
[1221/102428.671:ERROR:registration_protocol_win.cc(107)] CreateFile: The system cannot find the file specified. (0x2)
[1221/102428.867:ERROR:crashpad_client_win.cc(844)] not connected
[1221/102429.134:ERROR:registration_protocol_win.cc(107)] CreateFile: The system cannot find the file specified. (0x2)
[1221/102429.156:ERROR:crashpad_client_win.cc(844)] not connected
[1221/102429.328:ERROR:registration_protocol_win.cc(107)] CreateFile: The system cannot find the file specified. (0x2)
[1221/102429.593:ERROR:registration_protocol_win.cc(107)] CreateFile: The system cannot find the file specified. (0x2)
[1221/102429.965:ERROR:registration_protocol_win.cc(107)] CreateFile: The system cannot find the file specified. (0x2)
[1221/102430.274:ERROR:registration_protocol_win.cc(107)] CreateFile: The system cannot find the file specified. (0x2)
[1221/102430.499:ERROR:registration_protocol_win.cc(107)] CreateFile: The system cannot find the file specified. (0x2)
[1221/102430.663:ERROR:crashpad_client_win.cc(844)] not connected
[1221/102430.702:ERROR:crashpad_client_win.cc(844)] not connected
[1221/102430.707:ERROR:crashpad_client_win.cc(844)] not connected
[1221/102430.986:ERROR:registration_protocol_win.cc(107)] CreateFile: The system cannot find the file specified. (0x2)
[1221/102431.206:ERROR:registration_protocol_win.cc(107)] CreateFile: The system cannot find the file specified. (0x2)
[1221/102431.474:ERROR:registration_protocol_win.cc(107)] CreateFile: The system cannot find the file specified. (0x2)
[1221/102431.756:ERROR:registration_protocol_win.cc(107)] CreateFile: The system cannot find the file specified. (0x2)
[1221/102431.997:ERROR:registration_protocol_win.cc(107)] CreateFile: The system cannot find the file specified. (0x2)
[1221/102432.230:ERROR:registration_protocol_win.cc(107)] CreateFile: The system cannot find the file specified. (0x2)
[1221/102432.258:ERROR:crashpad_client_win.cc(844)] not connected
[1221/102432.281:ERROR:crashpad_client_win.cc(844)] not connected
[1221/102432.281:ERROR:crashpad_client_win.cc(844)] not connected
[1221/102432.282:ERROR:crashpad_client_win.cc(844)] not connected
[1221/102432.293:ERROR:crashpad_client_win.cc(844)] not connected
[1221/102432.438:ERROR:registration_protocol_win.cc(107)] CreateFile: The system cannot find the file specified. (0x2)
[1221/102432.638:ERROR:registration_protocol_win.cc(107)] CreateFile: The system cannot find the file specified. (0x2)
[1221/102432.867:ERROR:registration_protocol_win.cc(107)] CreateFile: The system cannot find the file specified. (0x2)
[1221/102433.152:ERROR:registration_protocol_win.cc(107)] CreateFile: The system cannot find the file specified. (0x2)
[1221/102433.353:ERROR:registration_protocol_win.cc(107)] CreateFile: The system cannot find the file specified. (0x2)
[1221/102433.645:ERROR:registration_protocol_win.cc(107)] CreateFile: The system cannot find the file specified. (0x2)
[1221/102433.862:ERROR:registration_protocol_win.cc(107)] CreateFile: The system cannot find the file specified. (0x2)
[1221/102434.055:ERROR:crashpad_client_win.cc(844)] not connected
[1221/102434.065:ERROR:registration_protocol_win.cc(107)] CreateFile: The system cannot find the file specified. (0x2)
[1221/102434.415:ERROR:registration_protocol_win.cc(107)] CreateFile: The system cannot find the file specified. (0x2)
[1221/102434.665:ERROR:registration_protocol_win.cc(107)] CreateFile: The system cannot find the file specified. (0x2)
[1221/102434.882:ERROR:registration_protocol_win.cc(107)] CreateFile: The system cannot find the file specified. (0x2)
[1221/102435.054:ERROR:registration_protocol_win.cc(107)] CreateFile: The system cannot find the file specified. (0x2)
[1221/102435.102:ERROR:crashpad_client_win.cc(844)] not connected
[1221/102435.122:ERROR:crashpad_client_win.cc(844)] not connected
[1221/102435.294:ERROR:registration_protocol_win.cc(107)] CreateFile: The system cannot find the file specified. (0x2)
[1221/102435.489:ERROR:registration_protocol_win.cc(107)] CreateFile: The system cannot find the file specified. (0x2)
[1221/102435.616:ERROR:crashpad_client_win.cc(844)] not connected
[1221/102435.949:ERROR:registration_protocol_win.cc(107)] CreateFile: The system cannot find the file specified. (0x2)
[1221/102436.183:ERROR:registration_protocol_win.cc(107)] CreateFile: The system cannot find the file specified. (0x2)
[1221/102436.242:ERROR:crashpad_client_win.cc(186)] crash server did not respond, self-terminating
[1221/102436.242:ERROR:crashpad_client_win.cc(186)] crash server did not respond, self-terminating
[1221/102436.504:ERROR:registration_protocol_win.cc(107)] CreateFile: The system cannot find the file specified. (0x2)
[1221/102436.898:ERROR:registration_protocol_win.cc(107)] CreateFile: The system cannot find the file specified. (0x2)
[1221/102437.170:ERROR:registration_protocol_win.cc(107)] CreateFile: The system cannot find the file specified. (0x2)
[1221/102437.406:ERROR:crashpad_client_win.cc(844)] not connected
[1221/102437.616:ERROR:registration_protocol_win.cc(107)] CreateFile: The system cannot find the file specified. (0x2)
[1221/102438.341:ERROR:registration_protocol_win.cc(107)] CreateFile: The system cannot find the file specified. (0x2)
[1221/102438.547:ERROR:registration_protocol_win.cc(107)] CreateFile: The system cannot find the file specified. (0x2)
[1221/102438.788:ERROR:registration_protocol_win.cc(107)] CreateFile: The system cannot find the file specified. (0x2)
[1221/102439.026:ERROR:registration_protocol_win.cc(107)] CreateFile: The system cannot find the file specified. (0x2)
[1221/102439.263:ERROR:registration_protocol_win.cc(107)] CreateFile: The system cannot find the file specified. (0x2)
[1221/102439.583:ERROR:registration_protocol_win.cc(107)] CreateFile: The system cannot find the file specified. (0x2)
[1221/102440.039:ERROR:crashpad_client_win.cc(844)] not connected
[1221/102440.210:ERROR:registration_protocol_win.cc(107)] CreateFile: The system cannot find the file specified. (0x2)
[1221/102440.579:ERROR:crashpad_client_win.cc(844)] not connected
[1221/102440.778:ERROR:registration_protocol_win.cc(107)] CreateFile: The system cannot find the file specified. (0x2)
[1221/102441.009:ERROR:crashpad_client_win.cc(844)] not connected
[1221/102441.464:ERROR:registration_protocol_win.cc(107)] CreateFile: The system cannot find the file specified. (0x2)
[1221/102441.678:ERROR:registration_protocol_win.cc(107)] CreateFile: The system cannot find the file specified. (0x2)
[1221/102442.408:ERROR:registration_protocol_win.cc(107)] CreateFile: The system cannot find the file specified. (0x2)
[1221/102442.425:ERROR:crashpad_client_win.cc(844)] not connected
[1221/102442.597:ERROR:registration_protocol_win.cc(107)] CreateFile: The system cannot find the file specified. (0x2)
[1221/102442.773:ERROR:crashpad_client_win.cc(844)] not connected
[1221/102443.031:ERROR:registration_protocol_win.cc(107)] CreateFile: The system cannot find the file specified. (0x2)
[1221/102443.419:ERROR:registration_protocol_win.cc(107)] CreateFile: The system cannot find the file specified. (0x2)
[1221/102443.595:ERROR:registration_protocol_win.cc(107)] CreateFile: The system cannot find the file specified. (0x2)
[1221/102444.161:ERROR:registration_protocol_win.cc(107)] CreateFile: The system cannot find the file specified. (0x2)
[1221/102444.408:ERROR:registration_protocol_win.cc(107)] CreateFile: The system cannot find the file specified. (0x2)
[1221/102444.622:ERROR:registration_protocol_win.cc(107)] CreateFile: The system cannot find the file specified. (0x2)
[1221/102445.019:ERROR:registration_protocol_win.cc(107)] CreateFile: The system cannot find the file specified. (0x2)
[1221/102445.241:ERROR:registration_protocol_win.cc(107)] CreateFile: The system cannot find the file specified. (0x2)
[1221/102445.401:ERROR:crashpad_client_win.cc(844)] not connected
[1221/102445.606:ERROR:registration_protocol_win.cc(107)] CreateFile: The system cannot find the file specified. (0x2)
[1221/102445.803:ERROR:registration_protocol_win.cc(107)] CreateFile: The system cannot find the file specified. (0x2)
[1221/102445.983:ERROR:registration_protocol_win.cc(107)] CreateFile: The system cannot find the file specified. (0x2)
[1221/102446.180:ERROR:registration_protocol_win.cc(107)] CreateFile: The system cannot find the file specified. (0x2)
[1221/102446.413:ERROR:crashpad_client_win.cc(844)] not connected
[1221/102446.413:ERROR:crashpad_client_win.cc(844)] not connected
[1221/102446.416:ERROR:crashpad_client_win.cc(844)] not connected
[1221/102446.500:ERROR:registration_protocol_win.cc(107)] CreateFile: The system cannot find the file specified. (0x2)
[1221/102446.691:ERROR:registration_protocol_win.cc(107)] CreateFile: The system cannot find the file specified. (0x2)
[1221/102446.873:ERROR:registration_protocol_win.cc(107)] CreateFile: The system cannot find the file specified. (0x2)
[1221/102447.414:ERROR:crashpad_client_win.cc(844)] not connected
[1221/102447.419:ERROR:registration_protocol_win.cc(107)] CreateFile: The system cannot find the file specified. (0x2)
[1221/102447.625:ERROR:registration_protocol_win.cc(107)] CreateFile: The system cannot find the file specified. (0x2)
[1221/102447.819:ERROR:registration_protocol_win.cc(107)] CreateFile: The system cannot find the file specified. (0x2)
[1221/102448.072:ERROR:crashpad_client_win.cc(844)] not connected
[1221/102448.204:ERROR:registration_protocol_win.cc(107)] CreateFile: The system cannot find the file specified. (0x2)
[1221/102448.382:ERROR:registration_protocol_win.cc(107)] CreateFile: The system cannot find the file specified. (0x2)
[1221/102448.595:ERROR:registration_protocol_win.cc(107)] CreateFile: The system cannot find the file specified. (0x2)
[1221/102448.967:ERROR:crashpad_client_win.cc(844)] not connected
[1221/102449.195:ERROR:registration_protocol_win.cc(107)] CreateFile: The system cannot find the file specified. (0x2)
[1221/102449.408:ERROR:registration_protocol_win.cc(107)] CreateFile: The system cannot find the file specified. (0x2)
[1221/102449.446:ERROR:crashpad_client_win.cc(844)] not connected
[1221/102449.453:ERROR:crashpad_client_win.cc(844)] not connected
[1221/102449.600:ERROR:registration_protocol_win.cc(107)] CreateFile: The system cannot find the file specified. (0x2)
[1221/102449.801:ERROR:registration_protocol_win.cc(107)] CreateFile: The system cannot find the file specified. (0x2)
[1221/102449.854:ERROR:crashpad_client_win.cc(844)] not connected
[1221/102449.997:ERROR:registration_protocol_win.cc(107)] CreateFile: The system cannot find the file specified. (0x2)
[1221/102450.191:ERROR:registration_protocol_win.cc(107)] CreateFile: The system cannot find the file specified. (0x2)
[1221/102450.209:ERROR:crashpad_client_win.cc(844)] not connected
[1221/102450.712:ERROR:crashpad_client_win.cc(844)] not connected
[1221/102450.954:ERROR:registration_protocol_win.cc(107)] CreateFile: The system cannot find the file specified. (0x2)
[1221/102451.195:ERROR:registration_protocol_win.cc(107)] CreateFile: The system cannot find the file specified. (0x2)
[1221/102451.206:ERROR:crashpad_client_win.cc(844)] not connected
[1221/102451.397:ERROR:registration_protocol_win.cc(107)] CreateFile: The system cannot find the file specified. (0x2)
[1221/102451.597:ERROR:crashpad_client_win.cc(844)] not connected
[1221/102451.787:ERROR:registration_protocol_win.cc(107)] CreateFile: The system cannot find the file specified. (0x2)
[1221/102452.012:ERROR:registration_protocol_win.cc(107)] CreateFile: The system cannot find the file specified. (0x2)
[1221/102452.217:ERROR:crashpad_client_win.cc(844)] not connected
[1221/102452.404:ERROR:registration_protocol_win.cc(107)] CreateFile: The system cannot find the file specified. (0x2)
[1221/102452.678:ERROR:crashpad_client_win.cc(844)] not connected
[1221/102452.899:ERROR:registration_protocol_win.cc(107)] CreateFile: The system cannot find the file specified. (0x2)
[1221/102453.104:ERROR:registration_protocol_win.cc(107)] CreateFile: The system cannot find the file specified. (0x2)
[1221/102453.486:ERROR:registration_protocol_win.cc(107)] CreateFile: The system cannot find the file specified. (0x2)
[1221/102453.543:ERROR:crashpad_client_win.cc(844)] not connected
[1221/102453.698:ERROR:registration_protocol_win.cc(107)] CreateFile: The system cannot find the file specified. (0x2)
[1221/102454.280:ERROR:registration_protocol_win.cc(107)] CreateFile: The system cannot find the file specified. (0x2)
[1221/102456.492:ERROR:registration_protocol_win.cc(107)] CreateFile: The system cannot find the file specified. (0x2)
[1221/102456.816:ERROR:registration_protocol_win.cc(107)] CreateFile: The system cannot find the file specified. (0x2)
[1221/102457.115:ERROR:registration_protocol_win.cc(107)] CreateFile: The system cannot find the file specified. (0x2)
[1221/102457.311:ERROR:registration_protocol_win.cc(107)] CreateFile: The system cannot find the file specified. (0x2)
[1221/102457.698:ERROR:registration_protocol_win.cc(107)] CreateFile: The system cannot find the file specified. (0x2)
[1221/102457.907:ERROR:registration_protocol_win.cc(107)] CreateFile: The system cannot find the file specified. (0x2)
[1221/102458.276:ERROR:registration_protocol_win.cc(107)] CreateFile: The system cannot find the file specified. (0x2)
[1221/102458.505:ERROR:registration_protocol_win.cc(107)] CreateFile: The system cannot find the file specified. (0x2)
[1221/102458.742:ERROR:registration_protocol_win.cc(107)] CreateFile: The system cannot find the file specified. (0x2)
[1221/102458.885:ERROR:crashpad_client_win.cc(844)] not connected
[1221/102459.093:ERROR:registration_protocol_win.cc(107)] CreateFile: The system cannot find the file specified. (0x2)
[1221/102459.303:ERROR:registration_protocol_win.cc(107)] CreateFile: The system cannot find the file specified. (0x2)
[1221/102459.490:ERROR:crashpad_client_win.cc(844)] not connected
[1221/102459.701:ERROR:registration_protocol_win.cc(107)] CreateFile: The system cannot find the file specified. (0x2)
[1221/102459.720:ERROR:crashpad_client_win.cc(844)] not connected
[1221/102459.911:ERROR:registration_protocol_win.cc(107)] CreateFile: The system cannot find the file specified. (0x2)
[1221/102500.152:ERROR:registration_protocol_win.cc(107)] CreateFile: The system cannot find the file specified. (0x2)
[1221/102500.216:ERROR:crashpad_client_win.cc(844)] not connected
[1221/102500.323:ERROR:registration_protocol_win.cc(107)] CreateFile: The system cannot find the file specified. (0x2)
[1221/102500.416:ERROR:crashpad_client_win.cc(844)] not connected
[1221/102500.509:ERROR:registration_protocol_win.cc(107)] CreateFile: The system cannot find the file specified. (0x2)
[1221/102500.546:ERROR:crashpad_client_win.cc(844)] not connected
[1221/102500.688:ERROR:registration_protocol_win.cc(107)] CreateFile: The system cannot find the file specified. (0x2)
[1221/102500.878:ERROR:registration_protocol_win.cc(107)] CreateFile: The system cannot find the file specified. (0x2)
[1221/102501.455:ERROR:registration_protocol_win.cc(107)] CreateFile: The system cannot find the file specified. (0x2)
[1221/102502.082:ERROR:registration_protocol_win.cc(107)] CreateFile: The system cannot find the file specified. (0x2)
[1221/102502.763:ERROR:registration_protocol_win.cc(107)] CreateFile: The system cannot find the file specified. (0x2)
[1221/102503.285:ERROR:registration_protocol_win.cc(107)] CreateFile: The system cannot find the file specified. (0x2)
[1221/102503.739:ERROR:registration_protocol_win.cc(107)] CreateFile: The system cannot find the file specified. (0x2)
[1221/102503.943:ERROR:registration_protocol_win.cc(107)] CreateFile: The system cannot find the file specified. (0x2)
[1221/102503.986:ERROR:crashpad_client_win.cc(844)] not connected
[1221/102504.460:ERROR:registration_protocol_win.cc(107)] CreateFile: The system cannot find the file specified. (0x2)
[1221/102504.724:ERROR:registration_protocol_win.cc(107)] CreateFile: The system cannot find the file specified. (0x2)
[1221/102504.961:ERROR:registration_protocol_win.cc(107)] CreateFile: The system cannot find the file specified. (0x2)
[1221/102505.433:ERROR:registration_protocol_win.cc(107)] CreateFile: The system cannot find the file specified. (0x2)
[1221/102505.827:ERROR:crashpad_client_win.cc(844)] not connected
[1221/102505.907:ERROR:registration_protocol_win.cc(107)] CreateFile: The system cannot find the file specified. (0x2)
[1221/102506.156:ERROR:registration_protocol_win.cc(107)] CreateFile: The system cannot find the file specified. (0x2)
[1221/102506.308:ERROR:crashpad_client_win.cc(844)] not connected
[1221/102506.392:ERROR:registration_protocol_win.cc(107)] CreateFile: The system cannot find the file specified. (0x2)
[1221/102506.826:ERROR:registration_protocol_win.cc(107)] CreateFile: The system cannot find the file specified. (0x2)
[1221/102507.361:ERROR:registration_protocol_win.cc(107)] CreateFile: The system cannot find the file specified. (0x2)
[1221/102507.816:ERROR:registration_protocol_win.cc(107)] CreateFile: The system cannot find the file specified. (0x2)
[1221/102508.100:ERROR:registration_protocol_win.cc(107)] CreateFile: The system cannot find the file specified. (0x2)
[1221/102509.044:ERROR:registration_protocol_win.cc(107)] CreateFile: The system cannot find the file specified. (0x2)
[1221/102509.292:ERROR:registration_protocol_win.cc(107)] CreateFile: The system cannot find the file specified. (0x2)
[1221/102509.560:ERROR:registration_protocol_win.cc(107)] CreateFile: The system cannot find the file specified. (0x2)
[1221/102510.083:ERROR:crashpad_client_win.cc(844)] not connected
[1221/102510.308:ERROR:registration_protocol_win.cc(107)] CreateFile: The system cannot find the file specified. (0x2)
[1221/102510.548:ERROR:registration_protocol_win.cc(107)] CreateFile: The system cannot find the file specified. (0x2)
[1221/102510.805:ERROR:registration_protocol_win.cc(107)] CreateFile: The system cannot find the file specified. (0x2)
[1221/102511.083:ERROR:crashpad_client_win.cc(844)] not connected
[1221/102511.259:ERROR:registration_protocol_win.cc(107)] CreateFile: The system cannot find the file specified. (0x2)
[1221/102511.735:ERROR:registration_protocol_win.cc(107)] CreateFile: The system cannot find the file specified. (0x2)
[1221/102511.864:ERROR:crashpad_client_win.cc(844)] not connected
[1221/102511.999:ERROR:registration_protocol_win.cc(107)] CreateFile: The system cannot find the file specified. (0x2)
[1221/102512.734:ERROR:registration_protocol_win.cc(107)] CreateFile: The system cannot find the file specified. (0x2)
[1221/102513.304:ERROR:crashpad_client_win.cc(844)] not connected
[1221/102513.453:ERROR:registration_protocol_win.cc(107)] CreateFile: The system cannot find the file specified. (0x2)
[1221/102513.749:ERROR:registration_protocol_win.cc(107)] CreateFile: The system cannot find the file specified. (0x2)
[1221/102514.048:ERROR:registration_protocol_win.cc(107)] CreateFile: The system cannot find the file specified. (0x2)
[1221/102514.255:ERROR:crashpad_client_win.cc(844)] not connected
[1221/102514.555:ERROR:registration_protocol_win.cc(107)] CreateFile: The system cannot find the file specified. (0x2)
[1221/102514.580:ERROR:crashpad_client_win.cc(844)] not connected
[1221/102514.583:ERROR:crashpad_client_win.cc(844)] not connected
[1221/102514.736:ERROR:registration_protocol_win.cc(107)] CreateFile: The system cannot find the file specified. (0x2)
[1221/102514.921:ERROR:registration_protocol_win.cc(107)] CreateFile: The system cannot find the file specified. (0x2)
[1221/102515.115:ERROR:registration_protocol_win.cc(107)] CreateFile: The system cannot find the file specified. (0x2)
[1221/102515.267:ERROR:crashpad_client_win.cc(844)] not connected
[1221/102515.527:ERROR:registration_protocol_win.cc(107)] CreateFile: The system cannot find the file specified. (0x2)
[1221/102515.806:ERROR:registration_protocol_win.cc(107)] CreateFile: The system cannot find the file specified. (0x2)
[1221/102516.141:ERROR:registration_protocol_win.cc(107)] CreateFile: The system cannot find the file specified. (0x2)
[1221/102516.403:ERROR:registration_protocol_win.cc(107)] CreateFile: The system cannot find the file specified. (0x2)
[1221/102516.657:ERROR:registration_protocol_win.cc(107)] CreateFile: The system cannot find the file specified. (0x2)
[1221/102517.166:ERROR:crashpad_client_win.cc(844)] not connected
[1221/123544.671:ERROR:registration_protocol_win.cc(135)] TransactNamedPipe: The pipe has been ended. (0x6D)
[1221/123544.671:ERROR:registration_protocol_win.cc(135)] TransactNamedPipe: The pipe has been ended. (0x6D)
[1221/123544.672:ERROR:registration_protocol_win.cc(112)] WaitNamedPipe: The system cannot find the file specified. (0x2)
[1221/123544.672:ERROR:registration_protocol_win.cc(112)] WaitNamedPipe: The system cannot find the file specified. (0x2)
[1221/123544.701:ERROR:registration_protocol_win.cc(107)] CreateFile: The system cannot find the file specified. (0x2)
[1221/123544.858:ERROR:registration_protocol_win.cc(107)] CreateFile: The system cannot find the file specified. (0x2)
[1221/123545.221:ERROR:registration_protocol_win.cc(107)] CreateFile: The system cannot find the file specified. (0x2)
[1221/123545.385:ERROR:crashpad_client_win.cc(844)] not connected
[1221/123545.471:ERROR:crashpad_client_win.cc(844)] not connected
[1221/123545.682:ERROR:crashpad_client_win.cc(844)] not connected
[1221/123545.688:ERROR:registration_protocol_win.cc(107)] CreateFile: The system cannot find the file specified. (0x2)
[1221/123545.765:ERROR:crashpad_client_win.cc(844)] not connected
[1221/123545.931:ERROR:registration_protocol_win.cc(107)] CreateFile: The system cannot find the file specified. (0x2)
[1221/123546.063:ERROR:registration_protocol_win.cc(107)] CreateFile: The system cannot find the file specified. (0x2)
[1221/123546.245:ERROR:registration_protocol_win.cc(107)] CreateFile: The system cannot find the file specified. (0x2)
[1221/123546.434:ERROR:registration_protocol_win.cc(107)] CreateFile: The system cannot find the file specified. (0x2)
[1221/123546.483:ERROR:crashpad_client_win.cc(844)] not connected
[1221/123546.739:ERROR:crashpad_client_win.cc(844)] not connected
[1221/123546.910:ERROR:registration_protocol_win.cc(107)] CreateFile: The system cannot find the file specified. (0x2)
[1221/123547.057:ERROR:registration_protocol_win.cc(107)] CreateFile: The system cannot find the file specified. (0x2)
[1221/123547.212:ERROR:registration_protocol_win.cc(107)] CreateFile: The system cannot find the file specified. (0x2)
[1221/123547.543:ERROR:registration_protocol_win.cc(107)] CreateFile: The system cannot find the file specified. (0x2)
[1221/123547.598:ERROR:crashpad_client_win.cc(844)] not connected
[1221/123547.869:ERROR:registration_protocol_win.cc(107)] CreateFile: The system cannot find the file specified. (0x2)
[1221/123548.079:ERROR:registration_protocol_win.cc(107)] CreateFile: The system cannot find the file specified. (0x2)
[1221/123548.280:ERROR:crashpad_client_win.cc(844)] not connected
[1221/123548.394:ERROR:registration_protocol_win.cc(107)] CreateFile: The system cannot find the file specified. (0x2)
[1221/123548.533:ERROR:registration_protocol_win.cc(107)] CreateFile: The system cannot find the file specified. (0x2)
[1221/123548.743:ERROR:crashpad_client_win.cc(844)] not connected
[1221/123548.860:ERROR:registration_protocol_win.cc(107)] CreateFile: The system cannot find the file specified. (0x2)
[1221/123549.165:ERROR:registration_protocol_win.cc(107)] CreateFile: The system cannot find the file specified. (0x2)
[1221/123549.509:ERROR:registration_protocol_win.cc(107)] CreateFile: The system cannot find the file specified. (0x2)
[1221/123549.657:ERROR:registration_protocol_win.cc(107)] CreateFile: The system cannot find the file specified. (0x2)
[1221/123549.794:ERROR:registration_protocol_win.cc(107)] CreateFile: The system cannot find the file specified. (0x2)
[1221/123549.958:ERROR:registration_protocol_win.cc(107)] CreateFile: The system cannot find the file specified. (0x2)
[1221/123550.132:ERROR:registration_protocol_win.cc(107)] CreateFile: The system cannot find the file specified. (0x2)
[1221/123550.284:ERROR:registration_protocol_win.cc(107)] CreateFile: The system cannot find the file specified. (0x2)
[1221/123550.306:ERROR:crashpad_client_win.cc(844)] not connected
[1221/123550.459:ERROR:registration_protocol_win.cc(107)] CreateFile: The system cannot find the file specified. (0x2)
[1221/123550.631:ERROR:registration_protocol_win.cc(107)] CreateFile: The system cannot find the file specified. (0x2)
[1221/123550.999:ERROR:crashpad_client_win.cc(844)] not connected
[1221/123551.154:ERROR:registration_protocol_win.cc(107)] CreateFile: The system cannot find the file specified. (0x2)
[1221/123551.304:ERROR:registration_protocol_win.cc(107)] CreateFile: The system cannot find the file specified. (0x2)
[1221/123551.453:ERROR:registration_protocol_win.cc(107)] CreateFile: The system cannot find the file specified. (0x2)
[1221/123551.613:ERROR:registration_protocol_win.cc(107)] CreateFile: The system cannot find the file specified. (0x2)
[1221/123551.844:ERROR:crashpad_client_win.cc(844)] not connected
[1221/123552.039:ERROR:registration_protocol_win.cc(107)] CreateFile: The system cannot find the file specified. (0x2)
[1221/123552.274:ERROR:crashpad_client_win.cc(844)] not connected
[1221/123552.274:ERROR:crashpad_client_win.cc(844)] not connected
[1221/123552.368:ERROR:registration_protocol_win.cc(107)] CreateFile: The system cannot find the file specified. (0x2)
[1221/123552.480:ERROR:registration_protocol_win.cc(107)] CreateFile: The system cannot find the file specified. (0x2)
[1221/123552.780:ERROR:crashpad_client_win.cc(844)] not connected
[1221/123552.783:ERROR:registration_protocol_win.cc(107)] CreateFile: The system cannot find the file specified. (0x2)
[1221/123552.932:ERROR:registration_protocol_win.cc(107)] CreateFile: The system cannot find the file specified. (0x2)
[1221/123553.329:ERROR:crashpad_client_win.cc(844)] not connected
[1221/123553.490:ERROR:registration_protocol_win.cc(107)] CreateFile: The system cannot find the file specified. (0x2)
[1221/123553.785:ERROR:crashpad_client_win.cc(844)] not connected
[1221/123553.903:ERROR:registration_protocol_win.cc(107)] CreateFile: The system cannot find the file specified. (0x2)
[1221/123554.029:ERROR:registration_protocol_win.cc(107)] CreateFile: The system cannot find the file specified. (0x2)
[1221/123554.375:ERROR:registration_protocol_win.cc(107)] CreateFile: The system cannot find the file specified. (0x2)
[1221/123554.497:ERROR:registration_protocol_win.cc(107)] CreateFile: The system cannot find the file specified. (0x2)
[1221/123554.680:ERROR:registration_protocol_win.cc(107)] CreateFile: The system cannot find the file specified. (0x2)
[1221/123554.870:ERROR:registration_protocol_win.cc(107)] CreateFile: The system cannot find the file specified. (0x2)
[1221/123554.955:ERROR:crashpad_client_win.cc(844)] not connected
[1221/123555.188:ERROR:registration_protocol_win.cc(107)] CreateFile: The system cannot find the file specified. (0x2)
[1221/123555.556:ERROR:registration_protocol_win.cc(107)] CreateFile: The system cannot find the file specified. (0x2)
[1221/123555.670:ERROR:registration_protocol_win.cc(107)] CreateFile: The system cannot find the file specified. (0x2)
[1221/123555.840:ERROR:registration_protocol_win.cc(107)] CreateFile: The system cannot find the file specified. (0x2)
[1221/123556.043:ERROR:registration_protocol_win.cc(107)] CreateFile: The system cannot find the file specified. (0x2)
[1221/123556.194:ERROR:registration_protocol_win.cc(107)] CreateFile: The system cannot find the file specified. (0x2)
[1221/123556.464:ERROR:registration_protocol_win.cc(107)] CreateFile: The system cannot find the file specified. (0x2)
[1221/123556.626:ERROR:crashpad_client_win.cc(844)] not connected
[1221/123556.812:ERROR:registration_protocol_win.cc(107)] CreateFile: The system cannot find the file specified. (0x2)
[1221/123556.974:ERROR:crashpad_client_win.cc(844)] not connected
[1221/123557.163:ERROR:registration_protocol_win.cc(107)] CreateFile: The system cannot find the file specified. (0x2)
[1221/123557.305:ERROR:registration_protocol_win.cc(107)] CreateFile: The system cannot find the file specified. (0x2)
[1221/123557.795:ERROR:registration_protocol_win.cc(107)] CreateFile: The system cannot find the file specified. (0x2)
[1221/123557.944:ERROR:registration_protocol_win.cc(107)] CreateFile: The system cannot find the file specified. (0x2)
[1221/123558.045:ERROR:crashpad_client_win.cc(844)] not connected
[1221/123558.277:ERROR:registration_protocol_win.cc(107)] CreateFile: The system cannot find the file specified. (0x2)
[1221/123558.538:ERROR:registration_protocol_win.cc(107)] CreateFile: The system cannot find the file specified. (0x2)
[1221/123558.555:ERROR:crashpad_client_win.cc(844)] not connected
[1221/123558.672:ERROR:registration_protocol_win.cc(107)] CreateFile: The system cannot find the file specified. (0x2)
[1221/123558.928:ERROR:registration_protocol_win.cc(107)] CreateFile: The system cannot find the file specified. (0x2)
[1221/123559.079:ERROR:registration_protocol_win.cc(107)] CreateFile: The system cannot find the file specified. (0x2)
[1221/123559.232:ERROR:registration_protocol_win.cc(107)] CreateFile: The system cannot find the file specified. (0x2)
[1221/123559.447:ERROR:registration_protocol_win.cc(107)] CreateFile: The system cannot find the file specified. (0x2)
[1221/123559.637:ERROR:registration_protocol_win.cc(107)] CreateFile: The system cannot find the file specified. (0x2)
[1221/123559.860:ERROR:crashpad_client_win.cc(844)] not connected
[1221/123559.917:ERROR:crashpad_client_win.cc(844)] not connected
[1221/123559.928:ERROR:crashpad_client_win.cc(844)] not connected
[1221/123600.320:ERROR:registration_protocol_win.cc(107)] CreateFile: The system cannot find the file specified. (0x2)
[1221/123600.498:ERROR:registration_protocol_win.cc(107)] CreateFile: The system cannot find the file specified. (0x2)
[1221/123600.667:ERROR:registration_protocol_win.cc(107)] CreateFile: The system cannot find the file specified. (0x2)
[1221/123600.852:ERROR:registration_protocol_win.cc(107)] CreateFile: The system cannot find the file specified. (0x2)
[1221/123601.049:ERROR:registration_protocol_win.cc(107)] CreateFile: The system cannot find the file specified. (0x2)
[1221/123601.225:ERROR:registration_protocol_win.cc(107)] CreateFile: The system cannot find the file specified. (0x2)
[1221/123601.516:ERROR:registration_protocol_win.cc(107)] CreateFile: The system cannot find the file specified. (0x2)
[1221/123602.097:ERROR:registration_protocol_win.cc(107)] CreateFile: The system cannot find the file specified. (0x2)
[1221/123602.295:ERROR:registration_protocol_win.cc(107)] CreateFile: The system cannot find the file specified. (0x2)
[1221/123602.691:ERROR:registration_protocol_win.cc(107)] CreateFile: The system cannot find the file specified. (0x2)
[1221/123602.818:ERROR:registration_protocol_win.cc(107)] CreateFile: The system cannot find the file specified. (0x2)
[1221/123602.968:ERROR:registration_protocol_win.cc(107)] CreateFile: The system cannot find the file specified. (0x2)
[1221/123603.253:ERROR:registration_protocol_win.cc(107)] CreateFile: The system cannot find the file specified. (0x2)
[1221/123603.345:ERROR:registration_protocol_win.cc(107)] CreateFile: The system cannot find the file specified. (0x2)
[1221/123603.567:ERROR:registration_protocol_win.cc(107)] CreateFile: The system cannot find the file specified. (0x2)
[1221/123603.691:ERROR:crashpad_client_win.cc(844)] not connected
[1221/123603.694:ERROR:crashpad_client_win.cc(844)] not connected
[1221/123603.907:ERROR:registration_protocol_win.cc(107)] CreateFile: The system cannot find the file specified. (0x2)
[1221/123604.398:ERROR:registration_protocol_win.cc(107)] CreateFile: The system cannot find the file specified. (0x2)
[1221/123604.667:ERROR:registration_protocol_win.cc(107)] CreateFile: The system cannot find the file specified. (0x2)
[1221/123604.849:ERROR:registration_protocol_win.cc(107)] CreateFile: The system cannot find the file specified. (0x2)
[1221/123605.651:ERROR:registration_protocol_win.cc(107)] CreateFile: The system cannot find the file specified. (0x2)
[1221/123605.730:ERROR:crashpad_client_win.cc(844)] not connected
[1221/123606.394:ERROR:registration_protocol_win.cc(107)] CreateFile: The system cannot find the file specified. (0x2)
[1221/123606.525:ERROR:registration_protocol_win.cc(107)] CreateFile: The system cannot find the file specified. (0x2)
[1221/123606.704:ERROR:registration_protocol_win.cc(107)] CreateFile: The system cannot find the file specified. (0x2)
[1221/123606.859:ERROR:registration_protocol_win.cc(107)] CreateFile: The system cannot find the file specified. (0x2)
[1221/123607.046:ERROR:crashpad_client_win.cc(844)] not connected
[1221/123607.052:ERROR:crashpad_client_win.cc(844)] not connected
[1221/123607.196:ERROR:registration_protocol_win.cc(107)] CreateFile: The system cannot find the file specified. (0x2)
[1221/123607.787:ERROR:registration_protocol_win.cc(107)] CreateFile: The system cannot find the file specified. (0x2)
[1221/123607.905:ERROR:registration_protocol_win.cc(107)] CreateFile: The system cannot find the file specified. (0x2)
[1221/123608.087:ERROR:registration_protocol_win.cc(107)] CreateFile: The system cannot find the file specified. (0x2)
[1221/123608.285:ERROR:registration_protocol_win.cc(107)] CreateFile: The system cannot find the file specified. (0x2)
[1221/123608.469:ERROR:registration_protocol_win.cc(107)] CreateFile: The system cannot find the file specified. (0x2)
[1221/123608.698:ERROR:registration_protocol_win.cc(107)] CreateFile: The system cannot find the file specified. (0x2)
[1221/123608.762:ERROR:crashpad_client_win.cc(844)] not connected
[1221/123609.079:ERROR:registration_protocol_win.cc(107)] CreateFile: The system cannot find the file specified. (0x2)
[1221/123609.232:ERROR:registration_protocol_win.cc(107)] CreateFile: The system cannot find the file specified. (0x2)
[1221/123609.424:ERROR:crashpad_client_win.cc(844)] not connected
[1221/123609.516:ERROR:registration_protocol_win.cc(107)] CreateFile: The system cannot find the file specified. (0x2)
[1221/123609.694:ERROR:registration_protocol_win.cc(107)] CreateFile: The system cannot find the file specified. (0x2)
[1221/123609.986:ERROR:registration_protocol_win.cc(107)] CreateFile: The system cannot find the file specified. (0x2)
[1221/123610.170:ERROR:registration_protocol_win.cc(107)] CreateFile: The system cannot find the file specified. (0x2)
[1221/123610.368:ERROR:registration_protocol_win.cc(107)] CreateFile: The system cannot find the file specified. (0x2)
[1221/123610.413:ERROR:crashpad_client_win.cc(844)] not connected
[1221/123610.425:ERROR:crashpad_client_win.cc(844)] not connected
[1221/123610.630:ERROR:registration_protocol_win.cc(107)] CreateFile: The system cannot find the file specified. (0x2)
[1221/123610.794:ERROR:crashpad_client_win.cc(844)] not connected
[1221/123610.807:ERROR:crashpad_client_win.cc(844)] not connected
[1221/123610.950:ERROR:registration_protocol_win.cc(107)] CreateFile: The system cannot find the file specified. (0x2)
[1221/123611.112:ERROR:registration_protocol_win.cc(107)] CreateFile: The system cannot find the file specified. (0x2)
[1221/123611.262:ERROR:registration_protocol_win.cc(107)] CreateFile: The system cannot find the file specified. (0x2)
[1221/123611.429:ERROR:registration_protocol_win.cc(107)] CreateFile: The system cannot find the file specified. (0x2)
[1221/123611.653:ERROR:registration_protocol_win.cc(107)] CreateFile: The system cannot find the file specified. (0x2)
[1221/123612.106:ERROR:registration_protocol_win.cc(107)] CreateFile: The system cannot find the file specified. (0x2)
[1221/123612.275:ERROR:registration_protocol_win.cc(107)] CreateFile: The system cannot find the file specified. (0x2)
[1221/123612.312:ERROR:crashpad_client_win.cc(844)] not connected
[1221/123613.015:ERROR:registration_protocol_win.cc(107)] CreateFile: The system cannot find the file specified. (0x2)
[1221/123613.368:ERROR:crashpad_client_win.cc(844)] not connected
[1221/123613.483:ERROR:registration_protocol_win.cc(107)] CreateFile: The system cannot find the file specified. (0x2)
[1221/123613.636:ERROR:registration_protocol_win.cc(107)] CreateFile: The system cannot find the file specified. (0x2)
[1221/123613.940:ERROR:registration_protocol_win.cc(107)] CreateFile: The system cannot find the file specified. (0x2)
[1221/123614.749:ERROR:registration_protocol_win.cc(107)] CreateFile: The system cannot find the file specified. (0x2)
[1221/123614.861:ERROR:registration_protocol_win.cc(107)] CreateFile: The system cannot find the file specified. (0x2)
[1221/123615.046:ERROR:registration_protocol_win.cc(107)] CreateFile: The system cannot find the file specified. (0x2)
[1221/123615.402:ERROR:registration_protocol_win.cc(107)] CreateFile: The system cannot find the file specified. (0x2)
[1221/123615.529:ERROR:registration_protocol_win.cc(107)] CreateFile: The system cannot find the file specified. (0x2)
[1221/123615.807:ERROR:registration_protocol_win.cc(107)] CreateFile: The system cannot find the file specified. (0x2)
[1221/123616.137:ERROR:registration_protocol_win.cc(107)] CreateFile: The system cannot find the file specified. (0x2)
[1221/123616.203:ERROR:crashpad_client_win.cc(844)] not connected
[1221/123616.524:ERROR:registration_protocol_win.cc(107)] CreateFile: The system cannot find the file specified. (0x2)
[1221/123616.810:ERROR:crashpad_client_win.cc(844)] not connected
[1221/123617.017:ERROR:registration_protocol_win.cc(107)] CreateFile: The system cannot find the file specified. (0x2)
[1221/123617.187:ERROR:registration_protocol_win.cc(107)] CreateFile: The system cannot find the file specified. (0x2)
[1221/123617.215:ERROR:crashpad_client_win.cc(844)] not connected
[1221/123617.360:ERROR:registration_protocol_win.cc(107)] CreateFile: The system cannot find the file specified. (0x2)
[1221/123617.587:ERROR:registration_protocol_win.cc(107)] CreateFile: The system cannot find the file specified. (0x2)
[1221/123617.841:ERROR:registration_protocol_win.cc(107)] CreateFile: The system cannot find the file specified. (0x2)
[1221/123618.158:ERROR:crashpad_client_win.cc(844)] not connected
[1221/123618.161:ERROR:crashpad_client_win.cc(844)] not connected
[1221/123618.336:ERROR:registration_protocol_win.cc(107)] CreateFile: The system cannot find the file specified. (0x2)
[1221/123618.543:ERROR:registration_protocol_win.cc(107)] CreateFile: The system cannot find the file specified. (0x2)
[1221/123618.684:ERROR:registration_protocol_win.cc(107)] CreateFile: The system cannot find the file specified. (0x2)
[1221/123618.865:ERROR:registration_protocol_win.cc(107)] CreateFile: The system cannot find the file specified. (0x2)
[1221/123619.097:ERROR:registration_protocol_win.cc(107)] CreateFile: The system cannot find the file specified. (0x2)
[1221/123619.273:ERROR:crashpad_client_win.cc(844)] not connected
[1221/123619.395:ERROR:crashpad_client_win.cc(844)] not connected
[1221/123619.655:ERROR:registration_protocol_win.cc(107)] CreateFile: The system cannot find the file specified. (0x2)
[1221/123619.825:ERROR:registration_protocol_win.cc(107)] CreateFile: The system cannot find the file specified. (0x2)
[1221/123620.080:ERROR:crashpad_client_win.cc(844)] not connected
[1221/123620.102:ERROR:crashpad_client_win.cc(844)] not connected
[1221/123620.244:ERROR:registration_protocol_win.cc(107)] CreateFile: The system cannot find the file specified. (0x2)
[1221/123620.416:ERROR:registration_protocol_win.cc(107)] CreateFile: The system cannot find the file specified. (0x2)
[1221/123620.609:ERROR:registration_protocol_win.cc(107)] CreateFile: The system cannot find the file specified. (0x2)
[1221/123620.936:ERROR:registration_protocol_win.cc(107)] CreateFile: The system cannot find the file specified. (0x2)
[1221/123621.178:ERROR:registration_protocol_win.cc(107)] CreateFile: The system cannot find the file specified. (0x2)
[1221/123621.429:ERROR:registration_protocol_win.cc(107)] CreateFile: The system cannot find the file specified. (0x2)
[1221/123621.701:ERROR:registration_protocol_win.cc(107)] CreateFile: The system cannot find the file specified. (0x2)
[1221/123621.934:ERROR:registration_protocol_win.cc(107)] CreateFile: The system cannot find the file specified. (0x2)
[1221/123622.622:ERROR:registration_protocol_win.cc(107)] CreateFile: The system cannot find the file specified. (0x2)
[1221/123622.767:ERROR:crashpad_client_win.cc(844)] not connected
[1221/123623.214:ERROR:registration_protocol_win.cc(107)] CreateFile: The system cannot find the file specified. (0x2)
[1221/123624.911:ERROR:registration_protocol_win.cc(107)] CreateFile: The system cannot find the file specified. (0x2)
[1221/123625.245:ERROR:registration_protocol_win.cc(107)] CreateFile: The system cannot find the file specified. (0x2)
[1221/123625.640:ERROR:registration_protocol_win.cc(107)] CreateFile: The system cannot find the file specified. (0x2)
[1221/123626.113:ERROR:registration_protocol_win.cc(107)] CreateFile: The system cannot find the file specified. (0x2)
[1221/123627.301:ERROR:registration_protocol_win.cc(107)] CreateFile: The system cannot find the file specified. (0x2)
[1221/123627.725:ERROR:registration_protocol_win.cc(107)] CreateFile: The system cannot find the file specified. (0x2)
[1221/123627.894:ERROR:registration_protocol_win.cc(107)] CreateFile: The system cannot find the file specified. (0x2)
[1221/123627.920:ERROR:crashpad_client_win.cc(844)] not connected
[1221/123628.044:ERROR:registration_protocol_win.cc(107)] CreateFile: The system cannot find the file specified. (0x2)
[1221/123628.234:ERROR:registration_protocol_win.cc(107)] CreateFile: The system cannot find the file specified. (0x2)
[1221/123628.526:ERROR:registration_protocol_win.cc(107)] CreateFile: The system cannot find the file specified. (0x2)
[1221/123629.090:ERROR:registration_protocol_win.cc(107)] CreateFile: The system cannot find the file specified. (0x2)
[1221/123629.297:ERROR:registration_protocol_win.cc(107)] CreateFile: The system cannot find the file specified. (0x2)
[1221/123629.451:ERROR:registration_protocol_win.cc(107)] CreateFile: The system cannot find the file specified. (0x2)
[1221/123629.590:ERROR:registration_protocol_win.cc(107)] CreateFile: The system cannot find the file specified. (0x2)
[1221/123629.809:ERROR:registration_protocol_win.cc(107)] CreateFile: The system cannot find the file specified. (0x2)
[1221/123630.029:ERROR:registration_protocol_win.cc(107)] CreateFile: The system cannot find the file specified. (0x2)
[1221/123630.263:ERROR:registration_protocol_win.cc(107)] CreateFile: The system cannot find the file specified. (0x2)
[1221/123630.470:ERROR:crashpad_client_win.cc(844)] not connected
[1221/123630.769:ERROR:crashpad_client_win.cc(844)] not connected
[1221/123630.901:ERROR:registration_protocol_win.cc(107)] CreateFile: The system cannot find the file specified. (0x2)
[1221/123631.018:ERROR:registration_protocol_win.cc(107)] CreateFile: The system cannot find the file specified. (0x2)
[1221/123631.089:ERROR:crashpad_client_win.cc(844)] not connected
[1221/123631.187:ERROR:registration_protocol_win.cc(107)] CreateFile: The system cannot find the file specified. (0x2)
[1221/123631.587:ERROR:crashpad_client_win.cc(844)] not connected
[1221/123631.710:ERROR:registration_protocol_win.cc(107)] CreateFile: The system cannot find the file specified. (0x2)
[1221/123631.896:ERROR:registration_protocol_win.cc(107)] CreateFile: The system cannot find the file specified. (0x2)
[1221/123632.067:ERROR:registration_protocol_win.cc(107)] CreateFile: The system cannot find the file specified. (0x2)
[1221/123632.264:ERROR:registration_protocol_win.cc(107)] CreateFile: The system cannot find the file specified. (0x2)
[1221/123632.973:ERROR:registration_protocol_win.cc(107)] CreateFile: The system cannot find the file specified. (0x2)
[1221/123632.999:ERROR:crashpad_client_win.cc(844)] not connected
[1221/123633.121:ERROR:registration_protocol_win.cc(107)] CreateFile: The system cannot find the file specified. (0x2)
[1221/123633.212:ERROR:crashpad_client_win.cc(844)] not connected
[1221/123633.291:ERROR:registration_protocol_win.cc(107)] CreateFile: The system cannot find the file specified. (0x2)
[1221/123633.406:ERROR:registration_protocol_win.cc(107)] CreateFile: The system cannot find the file specified. (0x2)
[1221/123633.546:ERROR:registration_protocol_win.cc(107)] CreateFile: The system cannot find the file specified. (0x2)
[1221/123633.561:ERROR:crashpad_client_win.cc(844)] not connected
[1221/123633.973:ERROR:registration_protocol_win.cc(107)] CreateFile: The system cannot find the file specified. (0x2)
[1221/123634.104:ERROR:registration_protocol_win.cc(107)] CreateFile: The system cannot find the file specified. (0x2)
[1221/123634.253:ERROR:registration_protocol_win.cc(107)] CreateFile: The system cannot find the file specified. (0x2)
[1221/123634.656:ERROR:crashpad_client_win.cc(844)] not connected
[1221/123634.757:ERROR:registration_protocol_win.cc(107)] CreateFile: The system cannot find the file specified. (0x2)
[1221/123634.973:ERROR:registration_protocol_win.cc(107)] CreateFile: The system cannot find the file specified. (0x2)
[1221/123635.172:ERROR:registration_protocol_win.cc(107)] CreateFile: The system cannot find the file specified. (0x2)
[1221/123635.329:ERROR:registration_protocol_win.cc(107)] CreateFile: The system cannot find the file specified. (0x2)
[1221/123635.525:ERROR:registration_protocol_win.cc(107)] CreateFile: The system cannot find the file specified. (0x2)
[1221/123635.729:ERROR:registration_protocol_win.cc(107)] CreateFile: The system cannot find the file specified. (0x2)
[1221/123635.754:ERROR:crashpad_client_win.cc(844)] not connected
[1221/123635.756:ERROR:crashpad_client_win.cc(844)] not connected
[1221/123635.895:ERROR:registration_protocol_win.cc(107)] CreateFile: The system cannot find the file specified. (0x2)
[1221/123636.032:ERROR:registration_protocol_win.cc(107)] CreateFile: The system cannot find the file specified. (0x2)
[1221/123636.169:ERROR:crashpad_client_win.cc(844)] not connected
[1221/123636.197:ERROR:registration_protocol_win.cc(107)] CreateFile: The system cannot find the file specified. (0x2)
[1221/123636.383:ERROR:registration_protocol_win.cc(107)] CreateFile: The system cannot find the file specified. (0x2)
[1221/123636.737:ERROR:registration_protocol_win.cc(107)] CreateFile: The system cannot find the file specified. (0x2)
[1221/123636.806:ERROR:crashpad_client_win.cc(844)] not connected
[1221/123636.807:ERROR:crashpad_client_win.cc(844)] not connected
[1221/123636.914:ERROR:registration_protocol_win.cc(107)] CreateFile: The system cannot find the file specified. (0x2)
[1221/123637.055:ERROR:registration_protocol_win.cc(107)] CreateFile: The system cannot find the file specified. (0x2)
[1221/123637.191:ERROR:registration_protocol_win.cc(107)] CreateFile: The system cannot find the file specified. (0x2)
[1221/123637.395:ERROR:registration_protocol_win.cc(107)] CreateFile: The system cannot find the file specified. (0x2)
[1221/123637.505:ERROR:crashpad_client_win.cc(844)] not connected
[1221/123637.667:ERROR:crashpad_client_win.cc(844)] not connected
[1221/123637.860:ERROR:crashpad_client_win.cc(844)] not connected
[1221/123637.864:ERROR:registration_protocol_win.cc(107)] CreateFile: The system cannot find the file specified. (0x2)
[1221/123638.005:ERROR:registration_protocol_win.cc(107)] CreateFile: The system cannot find the file specified. (0x2)
[1221/123638.161:ERROR:registration_protocol_win.cc(107)] CreateFile: The system cannot find the file specified. (0x2)
[1221/123638.346:ERROR:registration_protocol_win.cc(107)] CreateFile: The system cannot find the file specified. (0x2)
[1221/123638.493:ERROR:crashpad_client_win.cc(844)] not connected
[1221/123638.686:ERROR:registration_protocol_win.cc(107)] CreateFile: The system cannot find the file specified. (0x2)
[1221/123639.145:ERROR:registration_protocol_win.cc(107)] CreateFile: The system cannot find the file specified. (0x2)
[1221/123639.339:ERROR:registration_protocol_win.cc(107)] CreateFile: The system cannot find the file specified. (0x2)
[1221/123639.580:ERROR:crashpad_client_win.cc(844)] not connected
[1221/123639.668:ERROR:registration_protocol_win.cc(107)] CreateFile: The system cannot find the file specified. (0x2)
[1221/123639.799:ERROR:registration_protocol_win.cc(107)] CreateFile: The system cannot find the file specified. (0x2)
[1221/123639.948:ERROR:registration_protocol_win.cc(107)] CreateFile: The system cannot find the file specified. (0x2)
[1221/123640.510:ERROR:registration_protocol_win.cc(107)] CreateFile: The system cannot find the file specified. (0x2)
[1221/123640.577:ERROR:crashpad_client_win.cc(844)] not connected
[1221/123640.578:ERROR:crashpad_client_win.cc(844)] not connected
[1221/123640.582:ERROR:crashpad_client_win.cc(844)] not connected
[1221/123640.723:ERROR:registration_protocol_win.cc(107)] CreateFile: The system cannot find the file specified. (0x2)
[1221/123641.073:ERROR:registration_protocol_win.cc(107)] CreateFile: The system cannot find the file specified. (0x2)
[1221/123641.186:ERROR:crashpad_client_win.cc(844)] not connected
[1221/123641.922:ERROR:registration_protocol_win.cc(107)] CreateFile: The system cannot find the file specified. (0x2)
[1221/123642.038:ERROR:registration_protocol_win.cc(107)] CreateFile: The system cannot find the file specified. (0x2)
[1221/123642.153:ERROR:registration_protocol_win.cc(107)] CreateFile: The system cannot find the file specified. (0x2)
[1221/123642.285:ERROR:registration_protocol_win.cc(107)] CreateFile: The system cannot find the file specified. (0x2)
[1221/123642.403:ERROR:registration_protocol_win.cc(107)] CreateFile: The system cannot find the file specified. (0x2)
[1221/123642.558:ERROR:registration_protocol_win.cc(107)] CreateFile: The system cannot find the file specified. (0x2)
[1221/123642.715:ERROR:crashpad_client_win.cc(844)] not connected
[1221/123643.053:ERROR:registration_protocol_win.cc(107)] CreateFile: The system cannot find the file specified. (0x2)
[1221/123643.252:ERROR:registration_protocol_win.cc(107)] CreateFile: The system cannot find the file specified. (0x2)
[1221/123643.289:ERROR:crashpad_client_win.cc(844)] not connected
[1221/123643.379:ERROR:registration_protocol_win.cc(107)] CreateFile: The system cannot find the file specified. (0x2)
[1221/123643.754:ERROR:crashpad_client_win.cc(844)] not connected
[1221/123643.931:ERROR:registration_protocol_win.cc(107)] CreateFile: The system cannot find the file specified. (0x2)
[1221/123644.047:ERROR:registration_protocol_win.cc(107)] CreateFile: The system cannot find the file specified. (0x2)
[1221/123644.132:ERROR:crashpad_client_win.cc(186)] crash server did not respond, self-terminating
[1221/123644.214:ERROR:registration_protocol_win.cc(107)] CreateFile: The system cannot find the file specified. (0x2)
[1221/123644.338:ERROR:crashpad_client_win.cc(844)] not connected
[1228/143302.393:ERROR:registration_protocol_win.cc(107)] CreateFile: The system cannot find the file specified. (0x2)
[1228/143302.555:ERROR:registration_protocol_win.cc(107)] CreateFile: The system cannot find the file specified. (0x2)
[1228/143302.812:ERROR:registration_protocol_win.cc(107)] CreateFile: The system cannot find the file specified. (0x2)
[1228/143303.316:ERROR:registration_protocol_win.cc(107)] CreateFile: The system cannot find the file specified. (0x2)
[1228/143303.471:ERROR:registration_protocol_win.cc(107)] CreateFile: The system cannot find the file specified. (0x2)
[1228/143303.634:ERROR:registration_protocol_win.cc(107)] CreateFile: The system cannot find the file specified. (0x2)
[1228/143303.914:ERROR:registration_protocol_win.cc(107)] CreateFile: The system cannot find the file specified. (0x2)
[1228/143304.070:ERROR:registration_protocol_win.cc(107)] CreateFile: The system cannot find the file specified. (0x2)
[1228/143304.143:ERROR:crashpad_client_win.cc(844)] not connected
[1228/143304.178:ERROR:crashpad_client_win.cc(844)] not connected
[1228/143304.191:ERROR:crashpad_client_win.cc(844)] not connected
[1228/143304.330:ERROR:registration_protocol_win.cc(107)] CreateFile: The system cannot find the file specified. (0x2)
[1228/143304.482:ERROR:crashpad_client_win.cc(844)] not connected
[1228/143304.482:ERROR:crashpad_client_win.cc(844)] not connected
[1228/143304.490:ERROR:registration_protocol_win.cc(107)] CreateFile: The system cannot find the file specified. (0x2)
[1228/143304.603:ERROR:registration_protocol_win.cc(107)] CreateFile: The system cannot find the file specified. (0x2)
[1228/143304.761:ERROR:registration_protocol_win.cc(107)] CreateFile: The system cannot find the file specified. (0x2)
[1228/143304.948:ERROR:crashpad_client_win.cc(844)] not connected
[1228/143305.056:ERROR:registration_protocol_win.cc(107)] CreateFile: The system cannot find the file specified. (0x2)
[1228/143305.295:ERROR:crashpad_client_win.cc(844)] not connected
[1228/143305.561:ERROR:registration_protocol_win.cc(107)] CreateFile: The system cannot find the file specified. (0x2)
[1228/143305.668:ERROR:registration_protocol_win.cc(107)] CreateFile: The system cannot find the file specified. (0x2)
[1228/143305.808:ERROR:registration_protocol_win.cc(107)] CreateFile: The system cannot find the file specified. (0x2)
[1228/143305.896:ERROR:registration_protocol_win.cc(107)] CreateFile: The system cannot find the file specified. (0x2)
[1228/143306.477:ERROR:registration_protocol_win.cc(107)] CreateFile: The system cannot find the file specified. (0x2)
[1228/143306.590:ERROR:registration_protocol_win.cc(107)] CreateFile: The system cannot find the file specified. (0x2)
[1228/143306.830:ERROR:registration_protocol_win.cc(107)] CreateFile: The system cannot find the file specified. (0x2)
[1228/143307.290:ERROR:crashpad_client_win.cc(844)] not connected
[1228/143307.533:ERROR:registration_protocol_win.cc(107)] CreateFile: The system cannot find the file specified. (0x2)
[1228/143307.690:ERROR:registration_protocol_win.cc(107)] CreateFile: The system cannot find the file specified. (0x2)
[1228/143307.855:ERROR:registration_protocol_win.cc(107)] CreateFile: The system cannot find the file specified. (0x2)
[1228/143308.070:ERROR:registration_protocol_win.cc(107)] CreateFile: The system cannot find the file specified. (0x2)
[1228/143308.265:ERROR:registration_protocol_win.cc(107)] CreateFile: The system cannot find the file specified. (0x2)
[1228/143308.477:ERROR:registration_protocol_win.cc(107)] CreateFile: The system cannot find the file specified. (0x2)
[1228/143308.678:ERROR:registration_protocol_win.cc(107)] CreateFile: The system cannot find the file specified. (0x2)
[1228/143308.827:ERROR:registration_protocol_win.cc(107)] CreateFile: The system cannot find the file specified. (0x2)
[1228/143308.964:ERROR:registration_protocol_win.cc(107)] CreateFile: The system cannot find the file specified. (0x2)
[1228/143309.121:ERROR:registration_protocol_win.cc(107)] CreateFile: The system cannot find the file specified. (0x2)
[1228/143309.264:ERROR:crashpad_client_win.cc(844)] not connected
[1228/143309.377:ERROR:registration_protocol_win.cc(107)] CreateFile: The system cannot find the file specified. (0x2)
[1228/143309.641:ERROR:registration_protocol_win.cc(107)] CreateFile: The system cannot find the file specified. (0x2)
[1228/143309.948:ERROR:registration_protocol_win.cc(107)] CreateFile: The system cannot find the file specified. (0x2)
[1228/143310.101:ERROR:registration_protocol_win.cc(107)] CreateFile: The system cannot find the file specified. (0x2)
[1228/143310.227:ERROR:registration_protocol_win.cc(107)] CreateFile: The system cannot find the file specified. (0x2)
[1228/143310.350:ERROR:registration_protocol_win.cc(107)] CreateFile: The system cannot find the file specified. (0x2)
[1228/143310.385:ERROR:crashpad_client_win.cc(844)] not connected
[1228/143310.388:ERROR:crashpad_client_win.cc(844)] not connected
[1228/143310.472:ERROR:registration_protocol_win.cc(107)] CreateFile: The system cannot find the file specified. (0x2)
[1228/143310.611:ERROR:registration_protocol_win.cc(107)] CreateFile: The system cannot find the file specified. (0x2)
[1228/143310.748:ERROR:registration_protocol_win.cc(107)] CreateFile: The system cannot find the file specified. (0x2)
[1228/143310.990:ERROR:registration_protocol_win.cc(107)] CreateFile: The system cannot find the file specified. (0x2)
[1228/143311.218:ERROR:crashpad_client_win.cc(844)] not connected
[1228/143311.227:ERROR:crashpad_client_win.cc(844)] not connected
[1228/143311.415:ERROR:registration_protocol_win.cc(107)] CreateFile: The system cannot find the file specified. (0x2)
[1228/143311.748:ERROR:registration_protocol_win.cc(107)] CreateFile: The system cannot find the file specified. (0x2)
[1228/143311.877:ERROR:registration_protocol_win.cc(107)] CreateFile: The system cannot find the file specified. (0x2)
[1228/143311.945:ERROR:crashpad_client_win.cc(844)] not connected
[1228/143312.009:ERROR:registration_protocol_win.cc(107)] CreateFile: The system cannot find the file specified. (0x2)
[1228/143312.178:ERROR:registration_protocol_win.cc(107)] CreateFile: The system cannot find the file specified. (0x2)
[1228/143312.394:ERROR:registration_protocol_win.cc(107)] CreateFile: The system cannot find the file specified. (0x2)
[1228/143312.565:ERROR:registration_protocol_win.cc(107)] CreateFile: The system cannot find the file specified. (0x2)
[1228/143312.646:ERROR:crashpad_client_win.cc(844)] not connected
[1228/143312.754:ERROR:registration_protocol_win.cc(107)] CreateFile: The system cannot find the file specified. (0x2)
[1228/143313.100:ERROR:registration_protocol_win.cc(107)] CreateFile: The system cannot find the file specified. (0x2)
[1228/143313.276:ERROR:registration_protocol_win.cc(107)] CreateFile: The system cannot find the file specified. (0x2)
[1228/143313.322:ERROR:crashpad_client_win.cc(844)] not connected
[1228/143313.528:ERROR:crashpad_client_win.cc(844)] not connected
[1228/143313.579:ERROR:registration_protocol_win.cc(107)] CreateFile: The system cannot find the file specified. (0x2)
[1228/143313.755:ERROR:registration_protocol_win.cc(107)] CreateFile: The system cannot find the file specified. (0x2)
[1228/143313.889:ERROR:registration_protocol_win.cc(107)] CreateFile: The system cannot find the file specified. (0x2)
[1228/143313.931:ERROR:crashpad_client_win.cc(844)] not connected
[1228/143314.177:ERROR:registration_protocol_win.cc(107)] CreateFile: The system cannot find the file specified. (0x2)
[1228/143314.217:ERROR:crashpad_client_win.cc(844)] not connected
[1228/143314.355:ERROR:registration_protocol_win.cc(107)] CreateFile: The system cannot find the file specified. (0x2)
[1228/143314.420:ERROR:registration_protocol_win.cc(107)] CreateFile: The system cannot find the file specified. (0x2)
[1228/143314.611:ERROR:registration_protocol_win.cc(107)] CreateFile: The system cannot find the file specified. (0x2)
[1228/143314.775:ERROR:registration_protocol_win.cc(107)] CreateFile: The system cannot find the file specified. (0x2)
[1228/143315.323:ERROR:registration_protocol_win.cc(107)] CreateFile: The system cannot find the file specified. (0x2)
[1228/143315.432:ERROR:registration_protocol_win.cc(107)] CreateFile: The system cannot find the file specified. (0x2)
[1228/143315.866:ERROR:registration_protocol_win.cc(107)] CreateFile: The system cannot find the file specified. (0x2)
[1228/143315.993:ERROR:crashpad_client_win.cc(844)] not connected
[1228/143316.001:ERROR:crashpad_client_win.cc(844)] not connected
[1228/143316.098:ERROR:registration_protocol_win.cc(107)] CreateFile: The system cannot find the file specified. (0x2)
[1228/143316.215:ERROR:registration_protocol_win.cc(107)] CreateFile: The system cannot find the file specified. (0x2)
[1228/143316.334:ERROR:registration_protocol_win.cc(107)] CreateFile: The system cannot find the file specified. (0x2)
[1228/143316.425:ERROR:crashpad_client_win.cc(844)] not connected
[1228/143316.669:ERROR:registration_protocol_win.cc(107)] CreateFile: The system cannot find the file specified. (0x2)
[1228/143316.796:ERROR:registration_protocol_win.cc(107)] CreateFile: The system cannot find the file specified. (0x2)
[1228/143316.918:ERROR:crashpad_client_win.cc(844)] not connected
[1228/143316.923:ERROR:registration_protocol_win.cc(107)] CreateFile: The system cannot find the file specified. (0x2)
[1228/143317.054:ERROR:registration_protocol_win.cc(107)] CreateFile: The system cannot find the file specified. (0x2)
[1228/143317.188:ERROR:registration_protocol_win.cc(107)] CreateFile: The system cannot find the file specified. (0x2)
[1228/143317.270:ERROR:crashpad_client_win.cc(844)] not connected
[1228/143317.344:ERROR:registration_protocol_win.cc(107)] CreateFile: The system cannot find the file specified. (0x2)
[1228/143317.643:ERROR:crashpad_client_win.cc(844)] not connected
[1228/143317.778:ERROR:registration_protocol_win.cc(107)] CreateFile: The system cannot find the file specified. (0x2)
[1228/143317.806:ERROR:crashpad_client_win.cc(844)] not connected
[1228/143317.869:ERROR:registration_protocol_win.cc(107)] CreateFile: The system cannot find the file specified. (0x2)
[1228/143317.967:ERROR:registration_protocol_win.cc(107)] CreateFile: The system cannot find the file specified. (0x2)
[1228/143318.392:ERROR:registration_protocol_win.cc(107)] CreateFile: The system cannot find the file specified. (0x2)
[1228/143318.848:ERROR:registration_protocol_win.cc(107)] CreateFile: The system cannot find the file specified. (0x2)
[1228/143318.934:ERROR:registration_protocol_win.cc(107)] CreateFile: The system cannot find the file specified. (0x2)
[1228/143319.066:ERROR:registration_protocol_win.cc(107)] CreateFile: The system cannot find the file specified. (0x2)
[1228/143319.192:ERROR:registration_protocol_win.cc(107)] CreateFile: The system cannot find the file specified. (0x2)
[1228/143319.721:ERROR:registration_protocol_win.cc(107)] CreateFile: The system cannot find the file specified. (0x2)
[1228/143319.834:ERROR:registration_protocol_win.cc(107)] CreateFile: The system cannot find the file specified. (0x2)
[1228/143319.870:ERROR:crashpad_client_win.cc(844)] not connected
[1228/143320.105:ERROR:registration_protocol_win.cc(107)] CreateFile: The system cannot find the file specified. (0x2)
[1228/143320.173:ERROR:registration_protocol_win.cc(107)] CreateFile: The system cannot find the file specified. (0x2)
[1228/143320.321:ERROR:registration_protocol_win.cc(107)] CreateFile: The system cannot find the file specified. (0x2)
[1228/143320.522:ERROR:registration_protocol_win.cc(107)] CreateFile: The system cannot find the file specified. (0x2)
[1228/143320.755:ERROR:registration_protocol_win.cc(107)] CreateFile: The system cannot find the file specified. (0x2)
[1228/143321.103:ERROR:crashpad_client_win.cc(844)] not connected
[1228/143321.147:ERROR:registration_protocol_win.cc(107)] CreateFile: The system cannot find the file specified. (0x2)
[1228/143321.842:ERROR:registration_protocol_win.cc(107)] CreateFile: The system cannot find the file specified. (0x2)
[1228/143322.080:ERROR:registration_protocol_win.cc(107)] CreateFile: The system cannot find the file specified. (0x2)
[1228/143322.283:ERROR:registration_protocol_win.cc(107)] CreateFile: The system cannot find the file specified. (0x2)
[1228/143322.513:ERROR:registration_protocol_win.cc(107)] CreateFile: The system cannot find the file specified. (0x2)
[1228/143322.861:ERROR:registration_protocol_win.cc(107)] CreateFile: The system cannot find the file specified. (0x2)
[1228/143323.181:ERROR:crashpad_client_win.cc(844)] not connected
[1228/143323.428:ERROR:registration_protocol_win.cc(107)] CreateFile: The system cannot find the file specified. (0x2)
[1228/143323.575:ERROR:registration_protocol_win.cc(107)] CreateFile: The system cannot find the file specified. (0x2)
[1228/143323.736:ERROR:registration_protocol_win.cc(107)] CreateFile: The system cannot find the file specified. (0x2)
[1228/143323.768:ERROR:crashpad_client_win.cc(844)] not connected
